# JRE version: OpenJDK Runtime Environment (8.0_212-b04) (build 1.8.0_212-release-1586-b04)
# Java VM: OpenJDK 64-Bit Server VM (25.212-b04 mixed mode windows-amd64 compressed oops)
Heap:
 PSYoungGen      total 446976K, used 376632K [0x00000000e0000000, 0x0000000100000000, 0x0000000100000000)
  eden space 384000K, 87% used [0x00000000e0000000,0x00000000f499d580,0x00000000f7700000)
  from space 62976K, 62% used [0x00000000fc280000,0x00000000fe8b0c08,0x0000000100000000)
  to   space 70144K, 0% used [0x00000000f7700000,0x00000000f7700000,0x00000000fbb80000)
 ParOldGen       total 320000K, used 94918K [0x00000000a0000000, 0x00000000b3880000, 0x00000000e0000000)
  object space 320000K, 29% used [0x00000000a0000000,0x00000000a5cb1b38,0x00000000b3880000)
 Metaspace       used 329322K, capacity 339785K, committed 339956K, reserved 1349632K
  class space    used 38288K, capacity 40440K, committed 40448K, reserved 1048576K
GC Heap History (10 events):
Event: 9871.176 GC heap before
{Heap before GC invocations=54 (full 6):
 PSYoungGen      total 463872K, used 450609K [0x00000000e0000000, 0x0000000100000000, 0x0000000100000000)
  eden space 409088K, 100% used [0x00000000e0000000,0x00000000f8f80000,0x00000000f8f80000)
  from space 54784K, 75% used [0x00000000f8f80000,0x00000000fb80c700,0x00000000fc500000)
  to   space 56832K, 0% used [0x00000000fc880000,0x00000000fc880000,0x0000000100000000)
 ParOldGen       total 320000K, used 88329K [0x00000000a0000000, 0x00000000b3880000, 0x00000000e0000000)
  object space 320000K, 27% used [0x00000000a0000000,0x00000000a56425c0,0x00000000b3880000)
 Metaspace       used 296583K, capacity 305275K, committed 306164K, reserved 1318912K
  class space    used 34614K, capacity 36397K, committed 36608K, reserved 1048576K
Event: 9871.198 GC heap after
Heap after GC invocations=54 (full 6):
 PSYoungGen      total 468480K, used 34122K [0x00000000e0000000, 0x0000000100000000, 0x0000000100000000)
  eden space 411648K, 0% used [0x00000000e0000000,0x00000000e0000000,0x00000000f9200000)
  from space 56832K, 60% used [0x00000000fc880000,0x00000000fe9d2a00,0x0000000100000000)
  to   space 55808K, 0% used [0x00000000f9200000,0x00000000f9200000,0x00000000fc880000)
 ParOldGen       total 320000K, used 88337K [0x00000000a0000000, 0x00000000b3880000, 0x00000000e0000000)
  object space 320000K, 27% used [0x00000000a0000000,0x00000000a56445c0,0x00000000b3880000)
 Metaspace       used 296583K, capacity 305275K, committed 306164K, reserved 1318912K
  class space    used 34614K, capacity 36397K, committed 36608K, reserved 1048576K
}
Event: 10252.431 GC heap before
{Heap before GC invocations=55 (full 6):
 PSYoungGen      total 468480K, used 445770K [0x00000000e0000000, 0x0000000100000000, 0x0000000100000000)
  eden space 411648K, 100% used [0x00000000e0000000,0x00000000f9200000,0x00000000f9200000)
  from space 56832K, 60% used [0x00000000fc880000,0x00000000fe9d2a00,0x0000000100000000)
  to   space 55808K, 0% used [0x00000000f9200000,0x00000000f9200000,0x00000000fc880000)
 ParOldGen       total 320000K, used 88337K [0x00000000a0000000, 0x00000000b3880000, 0x00000000e0000000)
  object space 320000K, 27% used [0x00000000a0000000,0x00000000a56445c0,0x00000000b3880000)
 Metaspace       used 309532K, capacity 318435K, committed 319476K, reserved 1331200K
  class space    used 36056K, capacity 37885K, committed 38144K, reserved 1048576K
Event: 10252.473 GC heap after
Heap after GC invocations=55 (full 6):
 PSYoungGen      total 457216K, used 45531K [0x00000000e0000000, 0x0000000100000000, 0x0000000100000000)
  eden space 411648K, 0% used [0x00000000e0000000,0x00000000e0000000,0x00000000f9200000)
  from space 45568K, 99% used [0x00000000f9200000,0x00000000fbe76ff8,0x00000000fbe80000)
  to   space 58880K, 0% used [0x00000000fc680000,0x00000000fc680000,0x0000000100000000)
 ParOldGen       total 320000K, used 88345K [0x00000000a0000000, 0x00000000b3880000, 0x00000000e0000000)
  object space 320000K, 27% used [0x00000000a0000000,0x00000000a56465c0,0x00000000b3880000)
 Metaspace       used 309532K, capacity 318435K, committed 319476K, reserved 1331200K
  class space    used 36056K, capacity 37885K, committed 38144K, reserved 1048576K
}
Event: 14104.370 GC heap before
{Heap before GC invocations=56 (full 6):
 PSYoungGen      total 457216K, used 457179K [0x00000000e0000000, 0x0000000100000000, 0x0000000100000000)
  eden space 411648K, 100% used [0x00000000e0000000,0x00000000f9200000,0x00000000f9200000)
  from space 45568K, 99% used [0x00000000f9200000,0x00000000fbe76ff8,0x00000000fbe80000)
  to   space 58880K, 0% used [0x00000000fc680000,0x00000000fc680000,0x0000000100000000)
 ParOldGen       total 320000K, used 88345K [0x00000000a0000000, 0x00000000b3880000, 0x00000000e0000000)
  object space 320000K, 27% used [0x00000000a0000000,0x00000000a56465c0,0x00000000b3880000)
 Metaspace       used 320202K, capacity 329491K, committed 330228K, reserved 1339392K
  class space    used 37252K, capacity 39198K, committed 39424K, reserved 1048576K
Event: 14104.698 GC heap after
Heap after GC invocations=56 (full 6):
 PSYoungGen      total 457216K, used 50096K [0x00000000e0000000, 0x0000000100000000, 0x0000000100000000)
  eden space 398336K, 0% used [0x00000000e0000000,0x00000000e0000000,0x00000000f8500000)
  from space 58880K, 85% used [0x00000000fc680000,0x00000000ff76c098,0x0000000100000000)
  to   space 62976K, 0% used [0x00000000f8500000,0x00000000f8500000,0x00000000fc280000)
 ParOldGen       total 320000K, used 88353K [0x00000000a0000000, 0x00000000b3880000, 0x00000000e0000000)
  object space 320000K, 27% used [0x00000000a0000000,0x00000000a56485c0,0x00000000b3880000)
 Metaspace       used 320202K, capacity 329491K, committed 330228K, reserved 1339392K
  class space    used 37252K, capacity 39198K, committed 39424K, reserved 1048576K
}
Event: 15758.514 GC heap before
{Heap before GC invocations=57 (full 6):
 PSYoungGen      total 457216K, used 448432K [0x00000000e0000000, 0x0000000100000000, 0x0000000100000000)
  eden space 398336K, 100% used [0x00000000e0000000,0x00000000f8500000,0x00000000f8500000)
  from space 58880K, 85% used [0x00000000fc680000,0x00000000ff76c098,0x0000000100000000)
  to   space 62976K, 0% used [0x00000000f8500000,0x00000000f8500000,0x00000000fc280000)
 ParOldGen       total 320000K, used 88353K [0x00000000a0000000, 0x00000000b3880000, 0x00000000e0000000)
  object space 320000K, 27% used [0x00000000a0000000,0x00000000a56485c0,0x00000000b3880000)
 Metaspace       used 328309K, capacity 338357K, committed 338548K, reserved 1347584K
  class space    used 38169K, capacity 40236K, committed 40320K, reserved 1048576K
Event: 15758.661 GC heap after
Heap after GC invocations=57 (full 6):
 PSYoungGen      total 461312K, used 62966K [0x00000000e0000000, 0x0000000100000000, 0x0000000100000000)
  eden space 398336K, 0% used [0x00000000e0000000,0x00000000e0000000,0x00000000f8500000)
  from space 62976K, 99% used [0x00000000f8500000,0x00000000fc27db78,0x00000000fc280000)
  to   space 62976K, 0% used [0x00000000fc280000,0x00000000fc280000,0x0000000100000000)
 ParOldGen       total 320000K, used 94910K [0x00000000a0000000, 0x00000000b3880000, 0x00000000e0000000)
  object space 320000K, 29% used [0x00000000a0000000,0x00000000a5cafb38,0x00000000b3880000)
 Metaspace       used 328309K, capacity 338357K, committed 338548K, reserved 1347584K
  class space    used 38169K, capacity 40236K, committed 40320K, reserved 1048576K
}
Event: 15911.986 GC heap before
{Heap before GC invocations=58 (full 6):
 PSYoungGen      total 461312K, used 461302K [0x00000000e0000000, 0x0000000100000000, 0x0000000100000000)
  eden space 398336K, 100% used [0x00000000e0000000,0x00000000f8500000,0x00000000f8500000)
  from space 62976K, 99% used [0x00000000f8500000,0x00000000fc27db78,0x00000000fc280000)
  to   space 62976K, 0% used [0x00000000fc280000,0x00000000fc280000,0x0000000100000000)
 ParOldGen       total 320000K, used 94910K [0x00000000a0000000, 0x00000000b3880000, 0x00000000e0000000)
  object space 320000K, 29% used [0x00000000a0000000,0x00000000a5cafb38,0x00000000b3880000)
 Metaspace       used 328677K, capacity 338879K, committed 339188K, reserved 1347584K
  class space    used 38213K, capacity 40337K, committed 40448K, reserved 1048576K
Event: 15912.041 GC heap after
Heap after GC invocations=58 (full 6):
 PSYoungGen      total 446976K, used 39107K [0x00000000e0000000, 0x0000000100000000, 0x0000000100000000)
  eden space 384000K, 0% used [0x00000000e0000000,0x00000000e0000000,0x00000000f7700000)
  from space 62976K, 62% used [0x00000000fc280000,0x00000000fe8b0c08,0x0000000100000000)
  to   space 70144K, 0% used [0x00000000f7700000,0x00000000f7700000,0x00000000fbb80000)
 ParOldGen       total 320000K, used 94918K [0x00000000a0000000, 0x00000000b3880000, 0x00000000e0000000)
  object space 320000K, 29% used [0x00000000a0000000,0x00000000a5cb1b38,0x00000000b3880000)
 Metaspace       used 328677K, capacity 338879K, committed 339188K, reserved 1347584K
  class space    used 38213K, capacity 40337K, committed 40448K, reserved 1048576K
}

